{
  "RSpec": {
    "coverage": {
      "/Users/FaraazKhan/Developer/betterbusinessanalysis/rit/app/models/user.rb": [
        1,
        1,
        1,
        1,
        null,
        null,
        null,
        null,
        1,
        null,
        null,
        null,
        1,
        null,
        null,
        1,
        null,
        null,
        null,
        null,
        null,
        1,
        4,
        4,
        2,
        null,
        2,
        null,
        null,
        null,
        1,
        0,
        null,
        null,
        null
      ],
      "/Users/FaraazKhan/Developer/betterbusinessanalysis/rit/app/controllers/application_controller.rb": [
        1,
        1,
        0,
        0,
        0,
        0,
        0,
        null,
        0,
        0,
        0,
        0,
        null,
        0,
        0,
        null,
        0,
        0,
        null,
        0,
        0,
        null,
        null,
        null,
        null,
        null,
        null,
        null,
        null,
        null,
        null,
        null,
        null,
        null,
        null,
        null,
        null,
        null,
        null,
        null,
        null,
        null,
        null,
        null,
        null,
        null,
        null,
        null,
        1,
        null,
        1,
        0,
        null,
        1,
        null,
        1,
        null,
        null
      ],
      "/Users/FaraazKhan/Developer/betterbusinessanalysis/rit/app/helpers/application_helper.rb": [
        1,
        null,
        null,
        null,
        null,
        null,
        null,
        null,
        null,
        null,
        null,
        null,
        null,
        null,
        null,
        null,
        null,
        null,
        null,
        null,
        null,
        null,
        null,
        null,
        null,
        null,
        null,
        null,
        null,
        null,
        null,
        null,
        null,
        null,
        null,
        null,
        null,
        null,
        null,
        null,
        null,
        null,
        null,
        null
      ],
      "/Users/FaraazKhan/Developer/betterbusinessanalysis/rit/app/helpers/courses_helper.rb": [
        1,
        null
      ],
      "/Users/FaraazKhan/Developer/betterbusinessanalysis/rit/app/helpers/user_helper.rb": [
        1,
        null
      ],
      "/Users/FaraazKhan/Developer/betterbusinessanalysis/rit/app/controllers/courses_controller.rb": [
        1,
        null,
        null,
        1,
        1,
        null,
        1,
        1,
        1,
        null,
        null,
        null,
        null,
        null,
        1,
        1,
        null,
        1,
        1,
        1,
        null,
        null,
        null,
        null,
        null,
        1,
        1,
        null,
        1,
        1,
        1,
        null,
        null,
        null,
        null,
        1,
        2,
        null,
        null,
        null,
        null,
        1,
        3,
        null,
        3,
        3,
        2,
        1,
        null,
        4,
        2,
        null,
        null,
        null,
        null,
        null,
        null,
        1,
        1,
        null,
        1,
        1,
        2,
        1,
        null,
        null,
        null,
        null,
        null,
        null,
        null,
        null,
        null,
        1,
        1,
        1,
        null,
        1,
        2,
        1,
        null,
        null,
        null
      ],
      "/Users/FaraazKhan/Developer/betterbusinessanalysis/rit/app/models/course.rb": [
        1,
        1,
        1,
        1,
        1,
        1,
        1,
        null,
        1,
        1,
        1,
        1,
        1,
        1,
        1,
        1,
        1,
        null,
        null
      ],
      "/Users/FaraazKhan/Developer/betterbusinessanalysis/rit/app/controllers/pages_controller.rb": [
        1,
        null,
        null,
        1,
        1,
        null,
        null,
        1,
        1,
        null,
        null,
        1,
        1,
        null,
        null,
        1,
        1,
        null,
        null,
        null
      ],
      "/Users/FaraazKhan/Developer/betterbusinessanalysis/rit/app/controllers/users_controller.rb": [
        1,
        1,
        1,
        1,
        null,
        null,
        null,
        null,
        null,
        1,
        0,
        0,
        0,
        0,
        0,
        null,
        null,
        null,
        1,
        0,
        0,
        0,
        0,
        null,
        null,
        null,
        1,
        0,
        0,
        0,
        0,
        null,
        null,
        null,
        0,
        null,
        null,
        1,
        0,
        null,
        0,
        0,
        0,
        0,
        null,
        null,
        null,
        1,
        0,
        null,
        0,
        0,
        0,
        0,
        0,
        null,
        null,
        0,
        0,
        0,
        0,
        null,
        null,
        null,
        null,
        1,
        0,
        null,
        null,
        null,
        null,
        1,
        0,
        null,
        null,
        null,
        null
      ],
      "/Users/FaraazKhan/Developer/betterbusinessanalysis/rit/app/models/ability.rb": [
        1,
        1,
        null,
        1,
        0,
        null,
        0,
        0,
        0,
        0,
        0,
        0,
        null,
        null,
        null
      ],
      "/Users/FaraazKhan/Developer/betterbusinessanalysis/rit/app/models/lesson.rb": [
        1,
        1,
        null,
        1,
        null
      ],
      "/Users/FaraazKhan/Developer/betterbusinessanalysis/rit/app/models/registrations.rb": [
        1,
        1,
        1,
        null
      ],
      "/Users/FaraazKhan/Developer/betterbusinessanalysis/rit/app/models/role.rb": [
        1,
        1,
        null
      ]
    },
    "timestamp": 1341695264
  }
}
